TN:
SF:src/app/app.component.ts
FN:452,(anonymous_0)
FN:453,(anonymous_1)
FN:459,(anonymous_2)
FN:461,(anonymous_3)
FN:465,(anonymous_4)
FN:466,(anonymous_5)
FN:472,(anonymous_6)
FN:476,(anonymous_7)
FN:481,(anonymous_8)
FN:486,(anonymous_9)
FN:488,(anonymous_10)
FNF:11
FNH:11
FNDA:1,(anonymous_0)
FNDA:1,(anonymous_1)
FNDA:3,(anonymous_2)
FNDA:12,(anonymous_3)
FNDA:12,(anonymous_4)
FNDA:3,(anonymous_5)
FNDA:2,(anonymous_6)
FNDA:1,(anonymous_7)
FNDA:4,(anonymous_8)
FNDA:1,(anonymous_9)
FNDA:12,(anonymous_10)
DA:1,1
DA:9,1
DA:10,1
DA:17,1
DA:18,1
DA:19,1
DA:29,1
DA:439,1
DA:440,12
DA:441,12
DA:443,12
DA:445,12
DA:447,12
DA:450,12
DA:452,1
DA:453,1
DA:459,12
DA:460,3
DA:461,12
DA:462,3
DA:466,12
DA:467,3
DA:468,3
DA:473,2
DA:477,1
DA:478,1
DA:482,4
DA:483,3
DA:486,12
DA:489,12
DA:490,12
DA:491,12
DA:493,11
LF:33
LH:33
BRDA:462,0,0,3
BRDA:462,0,1,1
BRDA:473,1,0,1
BRDA:473,1,1,1
BRDA:482,2,0,1
BRDA:483,3,0,3
BRDA:483,3,1,2
BRDA:483,3,2,1
BRDA:491,4,0,1
BRDA:491,5,0,12
BRDA:491,5,1,11
BRF:11
BRH:11
end_of_record
TN:
SF:src/app/core/config/app.tokens.ts
FNF:0
FNH:0
DA:1,9
DA:8,9
DA:17,9
LF:3
LH:3
BRF:0
BRH:0
end_of_record
TN:
SF:src/app/core/guards/auth.guard.ts
FN:10,(anonymous_0)
FN:16,(anonymous_1)
FNF:2
FNH:2
FNDA:2,(anonymous_0)
FNDA:2,(anonymous_1)
DA:1,1
DA:2,1
DA:3,1
DA:4,1
DA:10,1
DA:11,2
DA:12,2
DA:14,2
DA:17,2
DA:18,1
LF:10
LH:10
BRDA:17,0,0,1
BRF:1
BRH:1
end_of_record
TN:
SF:src/app/core/services/album-catalog.service.ts
FN:27,(anonymous_0)
FN:40,(anonymous_1)
FN:54,(anonymous_2)
FN:73,(anonymous_3)
FNF:4
FNH:4
FNDA:6,(anonymous_0)
FNDA:4,(anonymous_1)
FNDA:4,(anonymous_2)
FNDA:1,(anonymous_3)
DA:1,11
DA:2,11
DA:11,11
DA:20,11
DA:21,4
DA:23,4
DA:24,4
DA:25,4
DA:28,6
DA:29,5
DA:30,5
DA:37,6
DA:41,4
DA:42,3
DA:43,3
DA:44,3
DA:51,4
DA:55,4
DA:56,3
DA:57,3
DA:58,3
DA:65,4
DA:74,1
DA:75,1
DA:76,1
LF:25
LH:25
BRDA:28,0,0,5
BRDA:41,1,0,3
BRDA:55,2,0,3
BRF:3
BRH:3
end_of_record
TN:
SF:src/app/core/services/album-view.service.ts
FN:24,(anonymous_0)
FN:31,(anonymous_1)
FN:37,(anonymous_2)
FN:39,(anonymous_3)
FN:55,(anonymous_4)
FN:58,(anonymous_5)
FN:62,(anonymous_6)
FN:70,(anonymous_7)
FN:72,(anonymous_8)
FN:73,(anonymous_9)
FN:73,(anonymous_10)
FN:79,(anonymous_11)
FN:81,(anonymous_12)
FN:83,(anonymous_13)
FN:84,(anonymous_14)
FN:94,(anonymous_15)
FN:96,(anonymous_16)
FN:97,(anonymous_17)
FN:101,(anonymous_18)
FN:116,(anonymous_19)
FN:117,(anonymous_20)
FN:119,(anonymous_21)
FN:130,(anonymous_22)
FN:134,(anonymous_23)
FNF:24
FNH:23
FNDA:27,(anonymous_0)
FNDA:9,(anonymous_1)
FNDA:9,(anonymous_2)
FNDA:18,(anonymous_3)
FNDA:9,(anonymous_4)
FNDA:18,(anonymous_5)
FNDA:27,(anonymous_6)
FNDA:1,(anonymous_7)
FNDA:1,(anonymous_8)
FNDA:1,(anonymous_9)
FNDA:3,(anonymous_10)
FNDA:1,(anonymous_11)
FNDA:1,(anonymous_12)
FNDA:1,(anonymous_13)
FNDA:3,(anonymous_14)
FNDA:3,(anonymous_15)
FNDA:3,(anonymous_16)
FNDA:3,(anonymous_17)
FNDA:9,(anonymous_18)
FNDA:3,(anonymous_19)
FNDA:3,(anonymous_20)
FNDA:3,(anonymous_21)
FNDA:3,(anonymous_22)
FNDA:0,(anonymous_23)
DA:1,6
DA:2,6
DA:3,6
DA:4,6
DA:20,6
DA:21,9
DA:22,9
DA:25,27
DA:26,18
DA:27,9
DA:32,9
DA:38,9
DA:39,18
DA:42,9
DA:43,9
DA:44,27
DA:45,27
DA:50,27
DA:51,27
DA:52,27
DA:55,9
DA:56,9
DA:58,18
DA:59,9
DA:62,27
DA:71,1
DA:73,3
DA:80,1
DA:82,1
DA:83,1
DA:84,3
DA:95,3
DA:97,3
DA:98,3
DA:99,3
DA:100,3
DA:101,9
DA:104,3
DA:116,3
DA:117,3
DA:118,3
DA:119,3
DA:123,3
DA:130,3
DA:134,0
LF:45
LH:44
BRDA:25,0,0,9
BRDA:26,1,0,9
BRDA:44,2,0,27
BRDA:44,2,1,9
BRDA:50,3,0,27
BRDA:50,3,1,9
BRDA:57,4,0,9
BRDA:57,4,1,0
BRDA:111,5,0,3
BRDA:111,5,1,0
BRDA:112,6,0,3
BRDA:112,6,1,3
BRDA:127,7,0,3
BRDA:127,7,1,0
BRF:14
BRH:11
end_of_record
TN:
SF:src/app/core/services/auth.service.ts
FN:17,(anonymous_0)
FN:27,(anonymous_1)
FN:33,(anonymous_2)
FN:37,(anonymous_3)
FN:45,(anonymous_4)
FN:56,(anonymous_5)
FNF:6
FNH:4
FNDA:3,(anonymous_0)
FNDA:5,(anonymous_1)
FNDA:7,(anonymous_2)
FNDA:0,(anonymous_3)
FNDA:5,(anonymous_4)
FNDA:0,(anonymous_5)
DA:1,4
DA:2,4
DA:11,4
DA:12,4
DA:15,4
DA:16,3
DA:17,3
DA:18,3
DA:23,4
DA:24,7
DA:25,7
DA:26,7
DA:27,5
DA:30,7
DA:34,7
DA:38,0
DA:46,5
DA:47,5
DA:49,4
DA:50,4
DA:51,2
DA:52,2
DA:60,0
DA:61,0
LF:24
LH:21
BRDA:47,0,0,1
BRDA:49,1,0,4
BRDA:49,1,1,1
BRDA:50,2,0,2
BRF:4
BRH:4
end_of_record
TN:
SF:src/app/core/services/collection.service.ts
FN:36,(anonymous_0)
FN:42,(anonymous_1)
FN:47,(anonymous_2)
FN:53,(anonymous_3)
FN:67,(anonymous_4)
FN:102,(anonymous_5)
FN:151,(anonymous_6)
FN:156,(anonymous_7)
FN:161,(anonymous_8)
FN:171,(anonymous_9)
FNF:10
FNH:8
FNDA:22,(anonymous_0)
FNDA:22,(anonymous_1)
FNDA:0,(anonymous_2)
FNDA:0,(anonymous_3)
FNDA:3,(anonymous_4)
FNDA:11,(anonymous_5)
FNDA:1,(anonymous_6)
FNDA:1,(anonymous_7)
FNDA:1,(anonymous_8)
FNDA:1,(anonymous_9)
DA:1,7
DA:2,7
DA:15,7
DA:32,7
DA:33,14
DA:34,14
DA:37,22
DA:38,22
DA:39,21
DA:43,22
DA:48,0
DA:49,0
DA:54,0
DA:58,0
DA:68,3
DA:69,3
DA:70,3
DA:71,3
DA:72,2
DA:74,1
DA:75,1
DA:77,3
DA:78,1
DA:84,1
DA:108,11
DA:109,11
DA:111,11
DA:113,10
DA:117,9
DA:119,9
DA:121,9
DA:122,3
DA:124,6
DA:131,9
DA:133,9
DA:135,9
DA:147,9
DA:152,1
DA:157,1
DA:162,1
DA:172,1
LF:41
LH:37
BRDA:38,0,0,1
BRDA:77,1,0,1
BRDA:111,2,0,1
BRDA:121,3,0,3
BRDA:121,3,1,6
BRDA:131,4,0,6
BRDA:131,4,1,3
BRDA:131,5,0,7
BRDA:131,5,1,2
BRF:9
BRH:9
end_of_record
TN:
SF:src/app/features/album-view/album-view.component.ts
FN:291,(anonymous_0)
FN:292,(anonymous_1)
FN:294,(anonymous_2)
FN:295,(anonymous_3)
FN:296,(anonymous_4)
FN:298,(anonymous_5)
FN:299,(anonymous_6)
FN:300,(anonymous_7)
FN:302,(anonymous_8)
FN:303,(anonymous_9)
FN:304,(anonymous_10)
FN:307,(anonymous_11)
FN:311,(anonymous_12)
FN:315,(anonymous_13)
FN:315,(anonymous_14)
FN:316,(anonymous_15)
FN:319,(anonymous_16)
FN:323,(anonymous_17)
FN:329,(anonymous_18)
FN:333,(anonymous_19)
FN:335,(anonymous_20)
FN:338,(anonymous_21)
FN:341,(anonymous_22)
FN:348,(anonymous_23)
FN:352,(anonymous_24)
FN:356,(anonymous_25)
FN:369,(anonymous_26)
FN:382,(anonymous_27)
FN:394,(anonymous_28)
FN:395,(anonymous_29)
FNF:30
FNH:27
FNDA:16,(anonymous_0)
FNDA:4,(anonymous_1)
FNDA:16,(anonymous_2)
FNDA:4,(anonymous_3)
FNDA:7,(anonymous_4)
FNDA:16,(anonymous_5)
FNDA:4,(anonymous_6)
FNDA:7,(anonymous_7)
FNDA:16,(anonymous_8)
FNDA:4,(anonymous_9)
FNDA:7,(anonymous_10)
FNDA:18,(anonymous_11)
FNDA:0,(anonymous_12)
FNDA:3,(anonymous_13)
FNDA:4,(anonymous_14)
FNDA:3,(anonymous_15)
FNDA:16,(anonymous_16)
FNDA:16,(anonymous_17)
FNDA:0,(anonymous_18)
FNDA:2,(anonymous_19)
FNDA:4,(anonymous_20)
FNDA:0,(anonymous_21)
FNDA:4,(anonymous_22)
FNDA:6,(anonymous_23)
FNDA:6,(anonymous_24)
FNDA:3,(anonymous_25)
FNDA:2,(anonymous_26)
FNDA:1,(anonymous_27)
FNDA:5,(anonymous_28)
FNDA:8,(anonymous_29)
DA:1,1
DA:9,1
DA:10,1
DA:11,1
DA:12,1
DA:13,1
DA:15,1
DA:16,1
DA:17,1
DA:276,1
DA:277,16
DA:278,16
DA:279,16
DA:280,16
DA:282,16
DA:283,16
DA:287,16
DA:288,16
DA:289,16
DA:291,16
DA:292,16
DA:294,16
DA:295,16
DA:296,7
DA:298,16
DA:299,16
DA:300,7
DA:302,16
DA:303,16
DA:304,7
DA:307,16
DA:308,18
DA:309,18
DA:310,18
DA:311,0
DA:313,18
DA:314,2
DA:315,4
DA:316,3
DA:322,16
DA:323,16
DA:324,16
DA:325,16
DA:326,1
DA:327,1
DA:329,0
DA:333,2
DA:336,4
DA:337,4
DA:338,0
DA:342,4
DA:343,2
DA:344,0
DA:345,0
DA:349,6
DA:353,6
DA:357,3
DA:358,2
DA:359,2
DA:360,2
DA:361,1
DA:363,0
DA:365,2
DA:370,2
DA:371,2
DA:372,2
DA:373,2
DA:374,1
DA:376,0
DA:378,2
DA:383,1
DA:384,1
DA:385,1
DA:386,1
DA:388,0
DA:390,1
DA:394,16
DA:395,16
LF:78
LH:70
BRDA:296,0,0,7
BRDA:296,0,1,4
BRDA:310,1,0,0
BRDA:310,1,1,18
BRDA:313,2,0,16
BRDA:325,3,0,15
BRDA:325,4,0,16
BRDA:325,4,1,1
BRDA:337,5,0,4
BRDA:342,6,0,2
BRDA:342,7,0,2
BRDA:342,7,1,1
BRDA:343,8,0,2
BRDA:344,9,0,0
BRDA:349,10,0,5
BRDA:349,10,1,1
BRDA:357,11,0,1
BRDA:360,12,0,1
BRDA:360,12,1,1
BRDA:370,13,0,0
BRDA:373,14,0,1
BRDA:373,14,1,1
BRDA:383,15,0,0
BRF:23
BRH:19
end_of_record
TN:
SF:src/app/features/album-view/sticker-cell/sticker-cell.component.ts
FN:293,(anonymous_0)
FN:304,(anonymous_1)
FN:314,(anonymous_2)
FN:321,(anonymous_3)
FN:326,(anonymous_4)
FN:331,(anonymous_5)
FNF:6
FNH:4
FNDA:13,(anonymous_0)
FNDA:13,(anonymous_1)
FNDA:13,(anonymous_2)
FNDA:0,(anonymous_3)
FNDA:0,(anonymous_4)
FNDA:1,(anonymous_5)
DA:1,2
DA:8,2
DA:285,2
DA:288,20
DA:289,20
DA:290,20
DA:291,20
DA:294,13
DA:296,13
DA:301,13
DA:305,13
DA:306,1
DA:307,1
DA:308,1
DA:309,9
DA:310,1
DA:315,13
DA:316,12
DA:317,11
DA:318,9
DA:322,0
DA:323,0
DA:327,0
DA:328,0
DA:332,1
DA:333,1
LF:26
LH:22
BRDA:296,0,0,4
BRDA:296,0,1,9
BRDA:298,1,0,4
BRDA:298,1,1,5
BRDA:299,2,0,2
BRDA:299,2,1,2
BRDA:305,3,0,1
BRDA:305,3,1,1
BRDA:305,3,2,1
BRDA:305,3,3,9
BRDA:305,3,4,1
BRDA:315,4,0,1
BRDA:315,5,0,1
BRDA:315,5,1,0
BRDA:316,6,0,1
BRDA:317,7,0,2
BRDA:317,8,0,2
BRDA:317,8,1,1
BRF:18
BRH:17
end_of_record
TN:
SF:src/app/features/comparator/comparator.component.ts
FN:634,(anonymous_0)
FN:645,(anonymous_1)
FN:649,(anonymous_2)
FN:655,(anonymous_3)
FN:657,(anonymous_4)
FN:666,(anonymous_5)
FN:670,(anonymous_6)
FN:674,(anonymous_7)
FN:687,(anonymous_8)
FN:692,(anonymous_9)
FN:704,(anonymous_10)
FN:705,(anonymous_11)
FN:709,(anonymous_12)
FN:712,(anonymous_13)
FN:716,(anonymous_14)
FNF:15
FNH:14
FNDA:8,(anonymous_0)
FNDA:34,(anonymous_1)
FNDA:34,(anonymous_2)
FNDA:2,(anonymous_3)
FNDA:34,(anonymous_4)
FNDA:2,(anonymous_5)
FNDA:13,(anonymous_6)
FNDA:2,(anonymous_7)
FNDA:1,(anonymous_8)
FNDA:18,(anonymous_9)
FNDA:17,(anonymous_10)
FNDA:63,(anonymous_11)
FNDA:17,(anonymous_12)
FNDA:1,(anonymous_13)
FNDA:0,(anonymous_14)
DA:1,1
DA:11,1
DA:12,1
DA:13,1
DA:15,1
DA:17,1
DA:623,1
DA:624,13
DA:625,13
DA:629,13
DA:634,13
DA:635,8
DA:636,8
DA:637,24
DA:639,8
DA:642,13
DA:645,13
DA:646,34
DA:649,13
DA:650,34
DA:651,34
DA:652,21
DA:655,13
DA:657,13
DA:658,34
DA:659,21
DA:660,21
DA:661,8
DA:662,7
DA:663,2
DA:666,13
DA:668,13
DA:671,13
DA:675,2
DA:677,2
DA:681,2
DA:682,2
DA:684,2
DA:688,1
DA:689,1
DA:693,18
DA:694,18
DA:695,18
DA:696,17
DA:697,17
DA:704,17
DA:705,63
DA:706,17
DA:708,17
DA:709,17
DA:713,1
DA:716,13
LF:52
LH:52
BRDA:651,0,0,13
BRDA:652,1,0,21
BRDA:652,1,1,13
BRDA:655,2,0,2
BRDA:655,2,1,0
BRDA:658,3,0,13
BRDA:660,4,0,13
BRDA:661,5,0,1
BRDA:662,6,0,5
BRDA:681,7,0,2
BRDA:695,8,0,1
BRDA:700,9,0,17
BRDA:700,9,1,12
BRDA:701,10,0,17
BRDA:701,10,1,12
BRDA:702,11,0,17
BRDA:702,11,1,12
BRF:17
BRH:16
end_of_record
TN:
SF:src/app/features/duplicates/duplicates.component.ts
FN:404,(anonymous_0)
FN:405,(anonymous_1)
FN:406,(anonymous_2)
FN:411,(anonymous_3)
FN:412,(anonymous_4)
FN:413,(anonymous_5)
FN:418,(anonymous_6)
FN:421,(anonymous_7)
FN:425,(anonymous_8)
FN:426,(anonymous_9)
FN:430,(anonymous_10)
FN:431,(anonymous_11)
FN:434,(anonymous_12)
FN:446,(anonymous_13)
FN:460,(anonymous_14)
FN:461,(anonymous_15)
FN:466,(anonymous_16)
FN:468,(anonymous_17)
FN:470,(anonymous_18)
FN:473,(anonymous_19)
FN:480,(anonymous_20)
FNF:21
FNH:20
FNDA:10,(anonymous_0)
FNDA:11,(anonymous_1)
FNDA:14,(anonymous_2)
FNDA:10,(anonymous_3)
FNDA:11,(anonymous_4)
FNDA:11,(anonymous_5)
FNDA:12,(anonymous_6)
FNDA:4,(anonymous_7)
FNDA:11,(anonymous_8)
FNDA:14,(anonymous_9)
FNDA:2,(anonymous_10)
FNDA:3,(anonymous_11)
FNDA:2,(anonymous_12)
FNDA:1,(anonymous_13)
FNDA:10,(anonymous_14)
FNDA:10,(anonymous_15)
FNDA:2,(anonymous_16)
FNDA:3,(anonymous_17)
FNDA:2,(anonymous_18)
FNDA:0,(anonymous_19)
FNDA:14,(anonymous_20)
DA:1,1
DA:9,1
DA:10,1
DA:11,1
DA:12,1
DA:14,1
DA:15,1
DA:390,1
DA:391,10
DA:392,10
DA:393,10
DA:395,10
DA:399,10
DA:400,10
DA:401,10
DA:404,10
DA:405,10
DA:406,14
DA:411,10
DA:412,10
DA:413,11
DA:418,10
DA:419,12
DA:420,12
DA:421,4
DA:425,10
DA:426,14
DA:430,10
DA:431,3
DA:435,2
DA:436,1
DA:437,1
DA:438,1
DA:440,0
DA:442,1
DA:447,1
DA:448,1
DA:449,1
DA:450,1
DA:452,1
DA:454,1
DA:458,10
DA:461,10
DA:462,10
DA:467,2
DA:468,3
DA:470,2
DA:471,2
DA:472,2
DA:473,2
DA:474,0
DA:475,0
DA:480,14
LF:53
LH:50
BRDA:420,0,0,10
BRDA:435,1,0,1
BRDA:447,2,0,0
BRDA:462,3,0,2
BRDA:472,4,0,0
BRF:5
BRH:3
end_of_record
TN:
SF:src/app/features/login/login.component.ts
FN:586,(anonymous_0)
FNF:1
FNH:1
FNDA:5,(anonymous_0)
DA:1,1
DA:7,1
DA:8,1
DA:9,1
DA:579,1
DA:580,5
DA:581,5
DA:583,5
DA:584,5
DA:587,5
DA:588,5
DA:589,5
DA:590,5
DA:591,2
DA:593,3
DA:594,1
DA:598,2
DA:599,2
DA:602,5
LF:19
LH:19
BRDA:593,0,0,1
BRDA:593,0,1,2
BRF:2
BRH:2
end_of_record
TN:
SF:src/app/features/missing-list/missing-list.component.ts
FN:286,(anonymous_0)
FN:287,(anonymous_1)
FN:288,(anonymous_2)
FN:293,(anonymous_3)
FN:296,(anonymous_4)
FN:301,(anonymous_5)
FN:303,(anonymous_6)
FN:308,(anonymous_7)
FN:314,(anonymous_8)
FN:315,(anonymous_9)
FN:320,(anonymous_10)
FN:321,(anonymous_11)
FN:326,(anonymous_12)
FN:328,(anonymous_13)
FN:330,(anonymous_14)
FN:333,(anonymous_15)
FN:340,(anonymous_16)
FN:341,(anonymous_17)
FNF:18
FNH:17
FNDA:8,(anonymous_0)
FNDA:11,(anonymous_1)
FNDA:11,(anonymous_2)
FNDA:10,(anonymous_3)
FNDA:4,(anonymous_4)
FNDA:14,(anonymous_5)
FNDA:1,(anonymous_6)
FNDA:12,(anonymous_7)
FNDA:9,(anonymous_8)
FNDA:10,(anonymous_9)
FNDA:8,(anonymous_10)
FNDA:8,(anonymous_11)
FNDA:2,(anonymous_12)
FNDA:3,(anonymous_13)
FNDA:2,(anonymous_14)
FNDA:0,(anonymous_15)
FNDA:10,(anonymous_16)
FNDA:11,(anonymous_17)
DA:1,1
DA:9,1
DA:10,1
DA:11,1
DA:13,1
DA:14,1
DA:274,1
DA:275,8
DA:276,8
DA:278,8
DA:282,8
DA:283,8
DA:286,8
DA:287,8
DA:288,11
DA:293,8
DA:294,10
DA:295,10
DA:296,4
DA:298,10
DA:299,10
DA:300,13
DA:301,14
DA:303,1
DA:304,13
DA:305,11
DA:308,12
DA:311,10
DA:314,8
DA:315,10
DA:318,8
DA:321,8
DA:322,8
DA:327,2
DA:328,3
DA:330,2
DA:331,2
DA:332,2
DA:333,2
DA:334,0
DA:335,0
DA:340,10
DA:341,11
LF:43
LH:41
BRDA:295,0,0,2
BRDA:295,0,1,8
BRDA:304,1,0,2
BRDA:322,2,0,2
BRDA:332,3,0,0
BRF:5
BRH:4
end_of_record
TN:
SF:src/app/features/shared/section-filter/section-filter.component.ts
FN:298,(anonymous_0)
FN:299,(anonymous_1)
FN:302,(anonymous_2)
FN:303,(anonymous_3)
FN:310,(anonymous_4)
FN:314,(anonymous_5)
FN:326,(anonymous_6)
FN:332,(anonymous_7)
FN:335,(anonymous_8)
FN:337,(anonymous_9)
FN:343,(anonymous_10)
FN:350,(anonymous_11)
FN:358,(anonymous_12)
FN:366,(anonymous_13)
FN:371,(anonymous_14)
FN:375,(anonymous_15)
FN:379,(anonymous_16)
FNF:17
FNH:17
FNDA:92,(anonymous_0)
FNDA:99,(anonymous_1)
FNDA:76,(anonymous_2)
FNDA:76,(anonymous_3)
FNDA:46,(anonymous_4)
FNDA:19,(anonymous_5)
FNDA:26,(anonymous_6)
FNDA:61,(anonymous_7)
FNDA:34,(anonymous_8)
FNDA:41,(anonymous_9)
FNDA:6,(anonymous_10)
FNDA:26,(anonymous_11)
FNDA:49,(anonymous_12)
FNDA:1,(anonymous_13)
FNDA:2,(anonymous_14)
FNDA:1,(anonymous_15)
FNDA:47,(anonymous_16)
DA:1,4
DA:8,4
DA:292,4
DA:293,49
DA:294,49
DA:295,49
DA:296,49
DA:299,99
DA:303,76
DA:311,46
DA:315,19
DA:317,6
DA:319,9
DA:321,4
DA:327,26
DA:328,25
DA:329,25
DA:333,61
DA:335,34
DA:337,41
DA:339,1
DA:344,6
DA:345,5
DA:351,26
DA:359,49
DA:360,49
DA:361,10
DA:363,39
DA:367,1
DA:368,1
DA:372,2
DA:376,1
DA:379,49
LF:33
LH:33
BRDA:315,0,0,6
BRDA:315,0,1,9
BRDA:315,0,2,4
BRDA:327,1,0,1
BRDA:329,2,0,25
BRDA:329,2,1,0
BRDA:333,3,0,29
BRDA:333,3,1,31
BRDA:333,3,2,1
BRDA:344,4,0,1
BRDA:345,5,0,5
BRDA:345,5,1,0
BRDA:352,6,0,26
BRDA:352,6,1,6
BRDA:352,6,2,6
BRDA:359,7,0,2
BRDA:359,7,1,47
BRDA:360,8,0,10
BRDA:372,9,0,1
BRDA:372,9,1,1
BRF:20
BRH:18
end_of_record
TN:
SF:src/app/features/stats/stats.component.ts
FN:462,(anonymous_0)
FN:468,(anonymous_1)
FNF:2
FNH:2
FNDA:6,(anonymous_0)
FNDA:1,(anonymous_1)
DA:1,1
DA:7,1
DA:8,1
DA:9,1
DA:11,1
DA:451,1
DA:452,6
DA:453,6
DA:455,6
DA:457,6
DA:462,6
DA:463,6
DA:464,6
DA:465,6
DA:468,6
LF:15
LH:15
BRDA:464,0,0,0
BRF:1
BRH:0
end_of_record
