TN:
SF:src/app/app.component.ts
FN:452,(anonymous_0)
FN:453,(anonymous_1)
FN:459,(anonymous_2)
FN:461,(anonymous_3)
FN:465,(anonymous_4)
FN:466,(anonymous_5)
FN:472,(anonymous_6)
FN:476,(anonymous_7)
FN:481,(anonymous_8)
FN:486,(anonymous_9)
FN:488,(anonymous_10)
FNF:11
FNH:11
FNDA:1,(anonymous_0)
FNDA:1,(anonymous_1)
FNDA:3,(anonymous_2)
FNDA:12,(anonymous_3)
FNDA:12,(anonymous_4)
FNDA:3,(anonymous_5)
FNDA:2,(anonymous_6)
FNDA:1,(anonymous_7)
FNDA:4,(anonymous_8)
FNDA:1,(anonymous_9)
FNDA:12,(anonymous_10)
DA:1,1
DA:9,1
DA:10,1
DA:17,1
DA:18,1
DA:19,1
DA:29,1
DA:439,1
DA:440,12
DA:441,12
DA:443,12
DA:445,12
DA:447,12
DA:450,12
DA:452,1
DA:453,1
DA:459,12
DA:460,3
DA:461,12
DA:462,3
DA:466,12
DA:467,3
DA:468,3
DA:473,2
DA:477,1
DA:478,1
DA:482,4
DA:483,3
DA:486,12
DA:489,12
DA:490,12
DA:491,12
DA:493,11
LF:33
LH:33
BRDA:462,0,0,3
BRDA:462,0,1,1
BRDA:473,1,0,1
BRDA:473,1,1,1
BRDA:482,2,0,1
BRDA:483,3,0,3
BRDA:483,3,1,2
BRDA:483,3,2,1
BRDA:491,4,0,1
BRDA:491,5,0,12
BRDA:491,5,1,11
BRF:11
BRH:11
end_of_record
TN:
SF:src/app/core/config/app.tokens.ts
FNF:0
FNH:0
DA:1,9
DA:8,9
DA:17,9
LF:3
LH:3
BRF:0
BRH:0
end_of_record
TN:
SF:src/app/core/guards/auth.guard.ts
FN:10,(anonymous_0)
FN:16,(anonymous_1)
FNF:2
FNH:2
FNDA:2,(anonymous_0)
FNDA:2,(anonymous_1)
DA:1,1
DA:2,1
DA:3,1
DA:4,1
DA:10,1
DA:11,2
DA:12,2
DA:14,2
DA:17,2
DA:18,1
LF:10
LH:10
BRDA:17,0,0,1
BRF:1
BRH:1
end_of_record
TN:
SF:src/app/core/services/album-catalog.service.ts
FN:27,(anonymous_0)
FN:40,(anonymous_1)
FN:54,(anonymous_2)
FN:73,(anonymous_3)
FNF:4
FNH:4
FNDA:6,(anonymous_0)
FNDA:4,(anonymous_1)
FNDA:4,(anonymous_2)
FNDA:1,(anonymous_3)
DA:1,11
DA:2,11
DA:11,11
DA:20,11
DA:21,4
DA:23,4
DA:24,4
DA:25,4
DA:28,6
DA:29,5
DA:30,5
DA:37,6
DA:41,4
DA:42,3
DA:43,3
DA:44,3
DA:51,4
DA:55,4
DA:56,3
DA:57,3
DA:58,3
DA:65,4
DA:74,1
DA:75,1
DA:76,1
LF:25
LH:25
BRDA:28,0,0,5
BRDA:41,1,0,3
BRDA:55,2,0,3
BRF:3
BRH:3
end_of_record
TN:
SF:src/app/core/services/album-view.service.ts
FN:24,(anonymous_0)
FN:31,(anonymous_1)
FN:37,(anonymous_2)
FN:39,(anonymous_3)
FN:55,(anonymous_4)
FN:58,(anonymous_5)
FN:62,(anonymous_6)
FN:70,(anonymous_7)
FN:72,(anonymous_8)
FN:73,(anonymous_9)
FN:73,(anonymous_10)
FN:79,(anonymous_11)
FN:81,(anonymous_12)
FN:83,(anonymous_13)
FN:84,(anonymous_14)
FN:94,(anonymous_15)
FN:96,(anonymous_16)
FN:97,(anonymous_17)
FN:101,(anonymous_18)
FN:116,(anonymous_19)
FN:117,(anonymous_20)
FN:119,(anonymous_21)
FN:130,(anonymous_22)
FN:134,(anonymous_23)
FNF:24
FNH:23
FNDA:27,(anonymous_0)
FNDA:9,(anonymous_1)
FNDA:9,(anonymous_2)
FNDA:18,(anonymous_3)
FNDA:9,(anonymous_4)
FNDA:18,(anonymous_5)
FNDA:27,(anonymous_6)
FNDA:1,(anonymous_7)
FNDA:1,(anonymous_8)
FNDA:1,(anonymous_9)
FNDA:3,(anonymous_10)
FNDA:1,(anonymous_11)
FNDA:1,(anonymous_12)
FNDA:1,(anonymous_13)
FNDA:3,(anonymous_14)
FNDA:3,(anonymous_15)
FNDA:3,(anonymous_16)
FNDA:3,(anonymous_17)
FNDA:9,(anonymous_18)
FNDA:3,(anonymous_19)
FNDA:3,(anonymous_20)
FNDA:3,(anonymous_21)
FNDA:3,(anonymous_22)
FNDA:0,(anonymous_23)
DA:1,6
DA:2,6
DA:3,6
DA:4,6
DA:20,6
DA:21,9
DA:22,9
DA:25,27
DA:26,18
DA:27,9
DA:32,9
DA:38,9
DA:39,18
DA:42,9
DA:43,9
DA:44,27
DA:45,27
DA:50,27
DA:51,27
DA:52,27
DA:55,9
DA:56,9
DA:58,18
DA:59,9
DA:62,27
DA:71,1
DA:73,3
DA:80,1
DA:82,1
DA:83,1
DA:84,3
DA:95,3
DA:97,3
DA:98,3
DA:99,3
DA:100,3
DA:101,9
DA:104,3
DA:116,3
DA:117,3
DA:118,3
DA:119,3
DA:123,3
DA:130,3
DA:134,0
LF:45
LH:44
BRDA:25,0,0,9
BRDA:26,1,0,9
BRDA:44,2,0,27
BRDA:44,2,1,9
BRDA:50,3,0,27
BRDA:50,3,1,9
BRDA:57,4,0,9
BRDA:57,4,1,0
BRDA:111,5,0,3
BRDA:111,5,1,0
BRDA:112,6,0,3
BRDA:112,6,1,3
BRDA:127,7,0,3
BRDA:127,7,1,0
BRF:14
BRH:11
end_of_record
TN:
SF:src/app/core/services/auth.service.ts
FN:17,(anonymous_0)
FN:27,(anonymous_1)
FN:33,(anonymous_2)
FN:37,(anonymous_3)
FN:45,(anonymous_4)
FN:56,(anonymous_5)
FNF:6
FNH:4
FNDA:3,(anonymous_0)
FNDA:5,(anonymous_1)
FNDA:7,(anonymous_2)
FNDA:0,(anonymous_3)
FNDA:5,(anonymous_4)
FNDA:0,(anonymous_5)
DA:1,4
DA:2,4
DA:11,4
DA:12,4
DA:15,4
DA:16,3
DA:17,3
DA:18,3
DA:23,4
DA:24,7
DA:25,7
DA:26,7
DA:27,5
DA:30,7
DA:34,7
DA:38,0
DA:46,5
DA:47,5
DA:49,4
DA:50,4
DA:51,2
DA:52,2
DA:60,0
DA:61,0
LF:24
LH:21
BRDA:47,0,0,1
BRDA:49,1,0,4
BRDA:49,1,1,1
BRDA:50,2,0,2
BRF:4
BRH:4
end_of_record
TN:
SF:src/app/core/services/collection.service.ts
FN:36,(anonymous_0)
FN:42,(anonymous_1)
FN:47,(anonymous_2)
FN:53,(anonymous_3)
FN:67,(anonymous_4)
FN:102,(anonymous_5)
FN:151,(anonymous_6)
FN:156,(anonymous_7)
FN:161,(anonymous_8)
FN:171,(anonymous_9)
FNF:10
FNH:8
FNDA:22,(anonymous_0)
FNDA:22,(anonymous_1)
FNDA:0,(anonymous_2)
FNDA:0,(anonymous_3)
FNDA:3,(anonymous_4)
FNDA:11,(anonymous_5)
FNDA:1,(anonymous_6)
FNDA:1,(anonymous_7)
FNDA:1,(anonymous_8)
FNDA:1,(anonymous_9)
DA:1,7
DA:2,7
DA:15,7
DA:32,7
DA:33,14
DA:34,14
DA:37,22
DA:38,22
DA:39,21
DA:43,22
DA:48,0
DA:49,0
DA:54,0
DA:58,0
DA:68,3
DA:69,3
DA:70,3
DA:71,3
DA:72,2
DA:74,1
DA:75,1
DA:77,3
DA:78,1
DA:84,1
DA:108,11
DA:109,11
DA:111,11
DA:113,10
DA:117,9
DA:119,9
DA:121,9
DA:122,3
DA:124,6
DA:131,9
DA:133,9
DA:135,9
DA:147,9
DA:152,1
DA:157,1
DA:162,1
DA:172,1
LF:41
LH:37
BRDA:38,0,0,1
BRDA:77,1,0,1
BRDA:111,2,0,1
BRDA:121,3,0,3
BRDA:121,3,1,6
BRDA:131,4,0,6
BRDA:131,4,1,3
BRDA:131,5,0,7
BRDA:131,5,1,2
BRF:9
BRH:9
end_of_record
TN:
SF:src/app/features/album-view/album-view.component.ts
FN:516,(anonymous_0)
FN:516,(anonymous_1)
FN:517,(anonymous_2)
FN:517,(anonymous_3)
FN:519,(anonymous_4)
FN:520,(anonymous_5)
FN:522,(anonymous_6)
FN:523,(anonymous_7)
FN:524,(anonymous_8)
FN:526,(anonymous_9)
FN:527,(anonymous_10)
FN:528,(anonymous_11)
FN:530,(anonymous_12)
FN:531,(anonymous_13)
FN:532,(anonymous_14)
FN:535,(anonymous_15)
FN:539,(anonymous_16)
FN:543,(anonymous_17)
FN:543,(anonymous_18)
FN:544,(anonymous_19)
FN:547,(anonymous_20)
FN:551,(anonymous_21)
FN:557,(anonymous_22)
FN:561,(anonymous_23)
FN:563,(anonymous_24)
FN:566,(anonymous_25)
FN:567,(anonymous_26)
FN:572,(anonymous_27)
FN:575,(anonymous_28)
FN:578,(anonymous_29)
FN:585,(anonymous_30)
FN:589,(anonymous_31)
FN:593,(anonymous_32)
FN:606,(anonymous_33)
FN:619,(anonymous_34)
FN:631,(anonymous_35)
FN:632,(anonymous_36)
FNF:37
FNH:34
FNDA:19,(anonymous_0)
FNDA:7,(anonymous_1)
FNDA:19,(anonymous_2)
FNDA:7,(anonymous_3)
FNDA:19,(anonymous_4)
FNDA:7,(anonymous_5)
FNDA:19,(anonymous_6)
FNDA:7,(anonymous_7)
FNDA:7,(anonymous_8)
FNDA:19,(anonymous_9)
FNDA:7,(anonymous_10)
FNDA:7,(anonymous_11)
FNDA:19,(anonymous_12)
FNDA:7,(anonymous_13)
FNDA:7,(anonymous_14)
FNDA:21,(anonymous_15)
FNDA:0,(anonymous_16)
FNDA:3,(anonymous_17)
FNDA:4,(anonymous_18)
FNDA:3,(anonymous_19)
FNDA:19,(anonymous_20)
FNDA:19,(anonymous_21)
FNDA:0,(anonymous_22)
FNDA:2,(anonymous_23)
FNDA:3,(anonymous_24)
FNDA:1,(anonymous_25)
FNDA:1,(anonymous_26)
FNDA:7,(anonymous_27)
FNDA:0,(anonymous_28)
FNDA:4,(anonymous_29)
FNDA:14,(anonymous_30)
FNDA:9,(anonymous_31)
FNDA:3,(anonymous_32)
FNDA:2,(anonymous_33)
FNDA:1,(anonymous_34)
FNDA:13,(anonymous_35)
FNDA:8,(anonymous_36)
DA:1,1
DA:9,1
DA:10,1
DA:11,1
DA:12,1
DA:13,1
DA:15,1
DA:16,1
DA:501,1
DA:502,19
DA:503,19
DA:504,19
DA:505,19
DA:507,19
DA:508,19
DA:512,19
DA:513,19
DA:514,19
DA:516,19
DA:517,19
DA:519,19
DA:520,19
DA:522,19
DA:523,19
DA:524,7
DA:526,19
DA:527,19
DA:528,7
DA:530,19
DA:531,19
DA:532,7
DA:535,19
DA:536,21
DA:537,21
DA:538,21
DA:539,0
DA:541,21
DA:542,2
DA:543,4
DA:544,3
DA:550,19
DA:551,19
DA:552,19
DA:553,19
DA:554,1
DA:555,1
DA:557,0
DA:561,2
DA:564,3
DA:566,1
DA:568,1
DA:569,1
DA:573,7
DA:574,7
DA:575,0
DA:579,4
DA:580,2
DA:581,0
DA:582,0
DA:586,14
DA:590,9
DA:594,3
DA:595,2
DA:596,2
DA:597,2
DA:598,1
DA:600,0
DA:602,2
DA:607,2
DA:608,2
DA:609,2
DA:610,2
DA:611,1
DA:613,0
DA:615,2
DA:620,1
DA:621,1
DA:622,1
DA:623,1
DA:625,0
DA:627,1
DA:631,19
DA:632,19
LF:83
LH:75
BRDA:524,0,0,7
BRDA:524,0,1,4
BRDA:538,1,0,0
BRDA:538,1,1,21
BRDA:541,2,0,19
BRDA:553,3,0,18
BRDA:553,4,0,19
BRDA:553,4,1,1
BRDA:564,5,0,1
BRDA:564,5,1,2
BRDA:574,6,0,7
BRDA:579,7,0,2
BRDA:579,8,0,2
BRDA:579,8,1,1
BRDA:580,9,0,2
BRDA:581,10,0,0
BRDA:586,11,0,9
BRDA:586,11,1,5
BRDA:594,12,0,1
BRDA:597,13,0,1
BRDA:597,13,1,1
BRDA:607,14,0,0
BRDA:610,15,0,1
BRDA:610,15,1,1
BRDA:620,16,0,0
BRF:25
BRH:21
end_of_record
TN:
SF:src/app/features/album-view/sticker-cell/sticker-cell.component.ts
FN:293,(anonymous_0)
FN:304,(anonymous_1)
FN:314,(anonymous_2)
FN:321,(anonymous_3)
FN:326,(anonymous_4)
FN:331,(anonymous_5)
FNF:6
FNH:4
FNDA:13,(anonymous_0)
FNDA:13,(anonymous_1)
FNDA:13,(anonymous_2)
FNDA:0,(anonymous_3)
FNDA:0,(anonymous_4)
FNDA:1,(anonymous_5)
DA:1,2
DA:8,2
DA:285,2
DA:288,20
DA:289,20
DA:290,20
DA:291,20
DA:294,13
DA:296,13
DA:301,13
DA:305,13
DA:306,1
DA:307,1
DA:308,1
DA:309,9
DA:310,1
DA:315,13
DA:316,12
DA:317,11
DA:318,9
DA:322,0
DA:323,0
DA:327,0
DA:328,0
DA:332,1
DA:333,1
LF:26
LH:22
BRDA:296,0,0,4
BRDA:296,0,1,9
BRDA:298,1,0,4
BRDA:298,1,1,5
BRDA:299,2,0,2
BRDA:299,2,1,2
BRDA:305,3,0,1
BRDA:305,3,1,1
BRDA:305,3,2,1
BRDA:305,3,3,9
BRDA:305,3,4,1
BRDA:315,4,0,1
BRDA:315,5,0,1
BRDA:315,5,1,0
BRDA:316,6,0,1
BRDA:317,7,0,2
BRDA:317,8,0,2
BRDA:317,8,1,1
BRF:18
BRH:17
end_of_record
TN:
SF:src/app/features/comparator/comparator.component.ts
FN:634,(anonymous_0)
FN:645,(anonymous_1)
FN:649,(anonymous_2)
FN:655,(anonymous_3)
FN:657,(anonymous_4)
FN:666,(anonymous_5)
FN:670,(anonymous_6)
FN:674,(anonymous_7)
FN:687,(anonymous_8)
FN:692,(anonymous_9)
FN:704,(anonymous_10)
FN:705,(anonymous_11)
FN:709,(anonymous_12)
FN:712,(anonymous_13)
FN:716,(anonymous_14)
FNF:15
FNH:14
FNDA:8,(anonymous_0)
FNDA:34,(anonymous_1)
FNDA:34,(anonymous_2)
FNDA:2,(anonymous_3)
FNDA:34,(anonymous_4)
FNDA:2,(anonymous_5)
FNDA:13,(anonymous_6)
FNDA:2,(anonymous_7)
FNDA:1,(anonymous_8)
FNDA:18,(anonymous_9)
FNDA:17,(anonymous_10)
FNDA:63,(anonymous_11)
FNDA:17,(anonymous_12)
FNDA:1,(anonymous_13)
FNDA:0,(anonymous_14)
DA:1,1
DA:11,1
DA:12,1
DA:13,1
DA:15,1
DA:17,1
DA:623,1
DA:624,13
DA:625,13
DA:629,13
DA:634,13
DA:635,8
DA:636,8
DA:637,24
DA:639,8
DA:642,13
DA:645,13
DA:646,34
DA:649,13
DA:650,34
DA:651,34
DA:652,21
DA:655,13
DA:657,13
DA:658,34
DA:659,21
DA:660,21
DA:661,8
DA:662,7
DA:663,2
DA:666,13
DA:668,13
DA:671,13
DA:675,2
DA:677,2
DA:681,2
DA:682,2
DA:684,2
DA:688,1
DA:689,1
DA:693,18
DA:694,18
DA:695,18
DA:696,17
DA:697,17
DA:704,17
DA:705,63
DA:706,17
DA:708,17
DA:709,17
DA:713,1
DA:716,13
LF:52
LH:52
BRDA:651,0,0,13
BRDA:652,1,0,21
BRDA:652,1,1,13
BRDA:655,2,0,2
BRDA:655,2,1,0
BRDA:658,3,0,13
BRDA:660,4,0,13
BRDA:661,5,0,1
BRDA:662,6,0,5
BRDA:681,7,0,2
BRDA:695,8,0,1
BRDA:700,9,0,17
BRDA:700,9,1,12
BRDA:701,10,0,17
BRDA:701,10,1,12
BRDA:702,11,0,17
BRDA:702,11,1,12
BRF:17
BRH:16
end_of_record
TN:
SF:src/app/features/duplicates/duplicates.component.ts
FN:359,(anonymous_0)
FN:360,(anonymous_1)
FN:363,(anonymous_2)
FN:375,(anonymous_3)
FN:389,(anonymous_4)
FN:390,(anonymous_5)
FN:395,(anonymous_6)
FN:397,(anonymous_7)
FN:399,(anonymous_8)
FN:402,(anonymous_9)
FN:409,(anonymous_10)
FNF:11
FNH:10
FNDA:7,(anonymous_0)
FNDA:8,(anonymous_1)
FNDA:2,(anonymous_2)
FNDA:1,(anonymous_3)
FNDA:7,(anonymous_4)
FNDA:7,(anonymous_5)
FNDA:1,(anonymous_6)
FNDA:2,(anonymous_7)
FNDA:1,(anonymous_8)
FNDA:0,(anonymous_9)
FNDA:9,(anonymous_10)
DA:1,1
DA:9,1
DA:10,1
DA:11,1
DA:12,1
DA:14,1
DA:347,1
DA:348,7
DA:349,7
DA:350,7
DA:352,7
DA:356,7
DA:357,7
DA:359,7
DA:360,8
DA:364,2
DA:365,1
DA:366,1
DA:367,1
DA:369,0
DA:371,1
DA:376,1
DA:377,1
DA:378,1
DA:379,1
DA:381,1
DA:383,1
DA:387,7
DA:390,7
DA:391,7
DA:396,1
DA:397,2
DA:399,1
DA:400,1
DA:401,1
DA:402,1
DA:403,0
DA:404,0
DA:409,9
LF:39
LH:36
BRDA:364,0,0,1
BRDA:376,1,0,0
BRDA:391,2,0,1
BRDA:401,3,0,0
BRF:4
BRH:2
end_of_record
TN:
SF:src/app/features/login/login.component.ts
FN:586,(anonymous_0)
FNF:1
FNH:1
FNDA:5,(anonymous_0)
DA:1,1
DA:7,1
DA:8,1
DA:9,1
DA:579,1
DA:580,5
DA:581,5
DA:583,5
DA:584,5
DA:587,5
DA:588,5
DA:589,5
DA:590,5
DA:591,2
DA:593,3
DA:594,1
DA:598,2
DA:599,2
DA:602,5
LF:19
LH:19
BRDA:593,0,0,1
BRDA:593,0,1,2
BRF:2
BRH:2
end_of_record
TN:
SF:src/app/features/missing-list/missing-list.component.ts
FN:266,(anonymous_0)
FN:273,(anonymous_1)
FN:274,(anonymous_2)
FN:278,(anonymous_3)
FN:285,(anonymous_4)
FN:286,(anonymous_5)
FN:291,(anonymous_6)
FN:293,(anonymous_7)
FN:295,(anonymous_8)
FN:298,(anonymous_9)
FN:305,(anonymous_10)
FN:306,(anonymous_11)
FNF:12
FNH:11
FNDA:5,(anonymous_0)
FNDA:4,(anonymous_1)
FNDA:1,(anonymous_2)
FNDA:5,(anonymous_3)
FNDA:5,(anonymous_4)
FNDA:5,(anonymous_5)
FNDA:1,(anonymous_6)
FNDA:2,(anonymous_7)
FNDA:1,(anonymous_8)
FNDA:0,(anonymous_9)
FNDA:5,(anonymous_10)
FNDA:6,(anonymous_11)
DA:1,1
DA:9,1
DA:10,1
DA:11,1
DA:13,1
DA:256,1
DA:257,5
DA:258,5
DA:260,5
DA:264,5
DA:266,5
DA:267,5
DA:268,5
DA:269,5
DA:270,5
DA:271,5
DA:273,5
DA:274,4
DA:275,4
DA:278,5
DA:283,5
DA:286,5
DA:287,5
DA:292,1
DA:293,2
DA:295,1
DA:296,1
DA:297,1
DA:298,1
DA:299,0
DA:300,0
DA:305,5
DA:306,6
LF:33
LH:31
BRDA:269,0,0,5
BRDA:269,0,1,4
BRDA:287,1,0,1
BRDA:297,2,0,0
BRF:4
BRH:3
end_of_record
TN:
SF:src/app/features/stats/stats.component.ts
FN:462,(anonymous_0)
FN:468,(anonymous_1)
FNF:2
FNH:2
FNDA:6,(anonymous_0)
FNDA:1,(anonymous_1)
DA:1,1
DA:7,1
DA:8,1
DA:9,1
DA:11,1
DA:451,1
DA:452,6
DA:453,6
DA:455,6
DA:457,6
DA:462,6
DA:463,6
DA:464,6
DA:465,6
DA:468,6
LF:15
LH:15
BRDA:464,0,0,0
BRF:1
BRH:0
end_of_record
